# JRE version: OpenJDK Runtime Environment (8.0_152-b01) (build 1.8.0_152-release-915-b01)
# Java VM: OpenJDK 64-Bit Server VM (25.152-b01 mixed mode linux-amd64 compressed oops)
Heap:
 PSYoungGen      total 474112K, used 407702K [0x00000000e0000000, 0x0000000100000000, 0x0000000100000000)
  eden space 442368K, 84% used [0x00000000e0000000,0x00000000f6f28b78,0x00000000fb000000)
  from space 31744K, 99% used [0x00000000fdb80000,0x00000000ffa7ce70,0x00000000ffa80000)
  to   space 40960K, 0% used [0x00000000fb000000,0x00000000fb000000,0x00000000fd800000)
 ParOldGen       total 397824K, used 57175K [0x00000000a0000000, 0x00000000b8480000, 0x00000000e0000000)
  object space 397824K, 14% used [0x00000000a0000000,0x00000000a37d5da8,0x00000000b8480000)
 Metaspace       used 80856K, capacity 85058K, committed 85336K, reserved 1124352K
  class space    used 10284K, capacity 11277K, committed 11392K, reserved 1048576K
GC Heap History (10 events):
Event: 9.307 GC heap before
{Heap before GC invocations=7 (full 2):
 PSYoungGen      total 413184K, used 194818K [0x00000000e0000000, 0x00000000fbf00000, 0x0000000100000000)
  eden space 391680K, 44% used [0x00000000e0000000,0x00000000ea943f40,0x00000000f7e80000)
  from space 21504K, 99% used [0x00000000faa00000,0x00000000fbefca40,0x00000000fbf00000)
  to   space 21504K, 0% used [0x00000000f9500000,0x00000000f9500000,0x00000000faa00000)
 ParOldGen       total 274432K, used 26498K [0x00000000a0000000, 0x00000000b0c00000, 0x00000000e0000000)
  object space 274432K, 9% used [0x00000000a0000000,0x00000000a19e08d0,0x00000000b0c00000)
 Metaspace       used 56946K, capacity 58896K, committed 59028K, reserved 1099776K
  class space    used 7686K, capacity 8191K, committed 8192K, reserved 1048576K
Event: 9.332 GC heap after
Heap after GC invocations=7 (full 2):
 PSYoungGen      total 436224K, used 21501K [0x00000000e0000000, 0x0000000100000000, 0x0000000100000000)
  eden space 414720K, 0% used [0x00000000e0000000,0x00000000e0000000,0x00000000f9500000)
  from space 21504K, 99% used [0x00000000f9500000,0x00000000fa9ff4e0,0x00000000faa00000)
  to   space 35328K, 0% used [0x00000000fdd80000,0x00000000fdd80000,0x0000000100000000)
 ParOldGen       total 274432K, used 35988K [0x00000000a0000000, 0x00000000b0c00000, 0x00000000e0000000)
  object space 274432K, 13% used [0x00000000a0000000,0x00000000a23252f0,0x00000000b0c00000)
 Metaspace       used 56946K, capacity 58896K, committed 59028K, reserved 1099776K
  class space    used 7686K, capacity 8191K, committed 8192K, reserved 1048576K
}
Event: 9.332 GC heap before
{Heap before GC invocations=8 (full 3):
 PSYoungGen      total 436224K, used 21501K [0x00000000e0000000, 0x0000000100000000, 0x0000000100000000)
  eden space 414720K, 0% used [0x00000000e0000000,0x00000000e0000000,0x00000000f9500000)
  from space 21504K, 99% used [0x00000000f9500000,0x00000000fa9ff4e0,0x00000000faa00000)
  to   space 35328K, 0% used [0x00000000fdd80000,0x00000000fdd80000,0x0000000100000000)
 ParOldGen       total 274432K, used 35988K [0x00000000a0000000, 0x00000000b0c00000, 0x00000000e0000000)
  object space 274432K, 13% used [0x00000000a0000000,0x00000000a23252f0,0x00000000b0c00000)
 Metaspace       used 56946K, capacity 58896K, committed 59028K, reserved 1099776K
  class space    used 7686K, capacity 8191K, committed 8192K, reserved 1048576K
Event: 9.629 GC heap after
Heap after GC invocations=8 (full 3):
 PSYoungGen      total 436224K, used 0K [0x00000000e0000000, 0x0000000100000000, 0x0000000100000000)
  eden space 414720K, 0% used [0x00000000e0000000,0x00000000e0000000,0x00000000f9500000)
  from space 21504K, 0% used [0x00000000f9500000,0x00000000f9500000,0x00000000faa00000)
  to   space 35328K, 0% used [0x00000000fdd80000,0x00000000fdd80000,0x0000000100000000)
 ParOldGen       total 397824K, used 45082K [0x00000000a0000000, 0x00000000b8480000, 0x00000000e0000000)
  object space 397824K, 11% used [0x00000000a0000000,0x00000000a2c069e8,0x00000000b8480000)
 Metaspace       used 56923K, capacity 58808K, committed 59028K, reserved 1099776K
  class space    used 7679K, capacity 8183K, committed 8192K, reserved 1048576K
}
Event: 24.444 GC heap before
{Heap before GC invocations=9 (full 3):
 PSYoungGen      total 436224K, used 414720K [0x00000000e0000000, 0x0000000100000000, 0x0000000100000000)
  eden space 414720K, 100% used [0x00000000e0000000,0x00000000f9500000,0x00000000f9500000)
  from space 21504K, 0% used [0x00000000f9500000,0x00000000f9500000,0x00000000faa00000)
  to   space 35328K, 0% used [0x00000000fdd80000,0x00000000fdd80000,0x0000000100000000)
 ParOldGen       total 397824K, used 45082K [0x00000000a0000000, 0x00000000b8480000, 0x00000000e0000000)
  object space 397824K, 11% used [0x00000000a0000000,0x00000000a2c069e8,0x00000000b8480000)
 Metaspace       used 70813K, capacity 73694K, committed 73944K, reserved 1114112K
  class space    used 9204K, capacity 9915K, committed 9984K, reserved 1048576K
Event: 24.496 GC heap after
Heap after GC invocations=9 (full 3):
 PSYoungGen      total 490496K, used 20739K [0x00000000e0000000, 0x0000000100000000, 0x0000000100000000)
  eden space 455168K, 0% used [0x00000000e0000000,0x00000000e0000000,0x00000000fbc80000)
  from space 35328K, 58% used [0x00000000fdd80000,0x00000000ff1c0c48,0x0000000100000000)
  to   space 33792K, 0% used [0x00000000fbc80000,0x00000000fbc80000,0x00000000fdd80000)
 ParOldGen       total 397824K, used 45121K [0x00000000a0000000, 0x00000000b8480000, 0x00000000e0000000)
  object space 397824K, 11% used [0x00000000a0000000,0x00000000a2c10648,0x00000000b8480000)
 Metaspace       used 70813K, capacity 73694K, committed 73944K, reserved 1114112K
  class space    used 9204K, capacity 9915K, committed 9984K, reserved 1048576K
}
Event: 201.828 GC heap before
{Heap before GC invocations=10 (full 3):
 PSYoungGen      total 490496K, used 475907K [0x00000000e0000000, 0x0000000100000000, 0x0000000100000000)
  eden space 455168K, 100% used [0x00000000e0000000,0x00000000fbc80000,0x00000000fbc80000)
  from space 35328K, 58% used [0x00000000fdd80000,0x00000000ff1c0c48,0x0000000100000000)
  to   space 33792K, 0% used [0x00000000fbc80000,0x00000000fbc80000,0x00000000fdd80000)
 ParOldGen       total 397824K, used 45121K [0x00000000a0000000, 0x00000000b8480000, 0x00000000e0000000)
  object space 397824K, 11% used [0x00000000a0000000,0x00000000a2c10648,0x00000000b8480000)
 Metaspace       used 73722K, capacity 77412K, committed 77528K, reserved 1116160K
  class space    used 9504K, capacity 10394K, committed 10496K, reserved 1048576K
Event: 201.858 GC heap after
Heap after GC invocations=10 (full 3):
 PSYoungGen      total 475136K, used 19856K [0x00000000e0000000, 0x00000000ffa80000, 0x0000000100000000)
  eden space 455168K, 0% used [0x00000000e0000000,0x00000000e0000000,0x00000000fbc80000)
  from space 19968K, 99% used [0x00000000fbc80000,0x00000000fcfe41e0,0x00000000fd000000)
  to   space 31744K, 0% used [0x00000000fdb80000,0x00000000fdb80000,0x00000000ffa80000)
 ParOldGen       total 397824K, used 45129K [0x00000000a0000000, 0x00000000b8480000, 0x00000000e0000000)
  object space 397824K, 11% used [0x00000000a0000000,0x00000000a2c12648,0x00000000b8480000)
 Metaspace       used 73722K, capacity 77412K, committed 77528K, reserved 1116160K
  class space    used 9504K, capacity 10394K, committed 10496K, reserved 1048576K
}
Event: 206.270 GC heap before
{Heap before GC invocations=11 (full 3):
 PSYoungGen      total 475136K, used 475024K [0x00000000e0000000, 0x00000000ffa80000, 0x0000000100000000)
  eden space 455168K, 100% used [0x00000000e0000000,0x00000000fbc80000,0x00000000fbc80000)
  from space 19968K, 99% used [0x00000000fbc80000,0x00000000fcfe41e0,0x00000000fd000000)
  to   space 31744K, 0% used [0x00000000fdb80000,0x00000000fdb80000,0x00000000ffa80000)
 ParOldGen       total 397824K, used 45129K [0x00000000a0000000, 0x00000000b8480000, 0x00000000e0000000)
  object space 397824K, 11% used [0x00000000a0000000,0x00000000a2c12648,0x00000000b8480000)
 Metaspace       used 74874K, capacity 78704K, committed 78936K, reserved 1118208K
  class space    used 9588K, capacity 10508K, committed 10624K, reserved 1048576K
Event: 206.323 GC heap after
Heap after GC invocations=11 (full 3):
 PSYoungGen      total 474112K, used 31731K [0x00000000e0000000, 0x0000000100000000, 0x0000000100000000)
  eden space 442368K, 0% used [0x00000000e0000000,0x00000000e0000000,0x00000000fb000000)
  from space 31744K, 99% used [0x00000000fdb80000,0x00000000ffa7ce70,0x00000000ffa80000)
  to   space 40960K, 0% used [0x00000000fb000000,0x00000000fb000000,0x00000000fd800000)
 ParOldGen       total 397824K, used 57175K [0x00000000a0000000, 0x00000000b8480000, 0x00000000e0000000)
  object space 397824K, 14% used [0x00000000a0000000,0x00000000a37d5da8,0x00000000b8480000)
 Metaspace       used 74874K, capacity 78704K, committed 78936K, reserved 1118208K
  class space    used 9588K, capacity 10508K, committed 10624K, reserved 1048576K
}

